<?xml version="1.0" encoding="UTF-8"?>
<!-- Generated by org.testng.reporters.JUnitReportReporter -->
<testsuite skipped="1" hostname="laptop-eric" name="framework.Vector2Test" tests="19" failures="0" timestamp="31 mai 2017 03:47:21 GMT" time="0.042" errors="0">
  <testcase name="toPoint" time="0.001" classname="framework.Vector2Test"/>
  <testcase name="divide" time="0.001" classname="framework.Vector2Test"/>
  <testcase name="transformNormal" time="0.001" classname="framework.Vector2Test"/>
  <testcase name="toStringTest" time="0.001" classname="framework.Vector2Test"/>
  <testcase name="constructors" time="0.001" classname="framework.Vector2Test"/>
  <testcase name="hermite" time="0.002" classname="framework.Vector2Test"/>
  <testcase name="lengthSquared" time="0.001" classname="framework.Vector2Test"/>
  <testcase name="multiply" time="0.001" classname="framework.Vector2Test"/>
  <testcase name="add" time="0.014" classname="framework.Vector2Test"/>
  <testcase name="length" time="0.001" classname="framework.Vector2Test"/>
  <testcase name="hashCodeTest" time="0.002" classname="framework.Vector2Test"/>
  <testcase name="catmullRom" time="0.004" classname="framework.Vector2Test"/>
  <testcase name="normalize" time="0.001" classname="framework.Vector2Test"/>
  <testcase name="properties" time="0.001" classname="framework.Vector2Test"/>
  <testcase name="distanceSquared" time="0.002" classname="framework.Vector2Test"/>
  <testcase name="subtract" time="0.001" classname="framework.Vector2Test"/>
  <testcase name="transform" time="0.006" classname="framework.Vector2Test"/>
  <testcase name="dotProduct" time="0.001" classname="framework.Vector2Test"/>
  <testcase name="typeConverter" classname="framework.Vector2Test">
    <skipped/>
  </testcase> <!-- typeConverter -->
</testsuite> <!-- framework.Vector2Test -->
