<?xml version="1.0" encoding="UTF-8"?>
<!-- Generated by org.testng.reporters.JUnitReportReporter -->
<testsuite skipped="0" hostname="laptop-eric" name="framework.math.MatrixTest" tests="1" failures="0" timestamp="30 juin 2017 03:03:36 GMT" time="0.001" errors="0">
  <testcase name="add" time="0.001" classname="framework.math.MatrixTest"/>
</testsuite> <!-- framework.math.MatrixTest -->
