<?xml version="1.0" encoding="UTF-8"?>
<!-- Generated by org.testng.reporters.JUnitReportReporter -->
<testsuite skipped="4" hostname="laptop-eric" name="framework.Vector4Test" tests="18" failures="0" timestamp="31 mai 2017 03:47:21 GMT" time="0.023" errors="0">
  <testcase name="dotProduct" time="0.003" classname="framework.Vector4Test"/>
  <testcase name="multiply" time="0.002" classname="framework.Vector4Test"/>
  <testcase name="length" time="0.001" classname="framework.Vector4Test"/>
  <testcase name="hashCodeTest" time="0.002" classname="framework.Vector4Test"/>
  <testcase name="hermite" time="0.003" classname="framework.Vector4Test"/>
  <testcase name="lengthSquared" time="0.001" classname="framework.Vector4Test"/>
  <testcase name="add" time="0.002" classname="framework.Vector4Test"/>
  <testcase name="distanceSquared" time="0.001" classname="framework.Vector4Test"/>
  <testcase name="divide" time="0.001" classname="framework.Vector4Test"/>
  <testcase name="toStringTest" time="0.002" classname="framework.Vector4Test"/>
  <testcase name="normalize" time="0.002" classname="framework.Vector4Test"/>
  <testcase name="properties" time="0.001" classname="framework.Vector4Test"/>
  <testcase name="subtract" time="0.001" classname="framework.Vector4Test"/>
  <testcase name="constructors" time="0.001" classname="framework.Vector4Test"/>
  <testcase name="typeConverter" classname="framework.Vector4Test">
    <skipped/>
  </testcase> <!-- typeConverter -->
  <testcase name="transform" classname="framework.Vector4Test">
    <skipped/>
  </testcase> <!-- transform -->
  <testcase name="transformNormal" classname="framework.Vector4Test">
    <skipped/>
  </testcase> <!-- transformNormal -->
  <testcase name="catmullRom" classname="framework.Vector4Test">
    <skipped/>
  </testcase> <!-- catmullRom -->
</testsuite> <!-- framework.Vector4Test -->
