<?xml version="1.0" encoding="UTF-8"?>
<!-- Generated by org.testng.reporters.JUnitReportReporter -->
<testsuite skipped="0" hostname="laptop-eric" name="framework.math.QuaternionTest" tests="12" failures="0" timestamp="30 juin 2017 03:03:36 GMT" time="0.082" errors="0">
  <testcase name="length" time="0.039" classname="framework.math.QuaternionTest"/>
  <testcase name="lengthSquared" time="0.001" classname="framework.math.QuaternionTest"/>
  <testcase name="concatenate" time="0.001" classname="framework.math.QuaternionTest"/>
  <testcase name="createFromAxisAngle" time="0.002" classname="framework.math.QuaternionTest"/>
  <testcase name="createFromYawPitchRoll" time="0.001" classname="framework.math.QuaternionTest"/>
  <testcase name="Normalize" time="0.029" classname="framework.math.QuaternionTest"/>
  <testcase name="createFromRotationMatrix" time="0.001" classname="framework.math.QuaternionTest"/>
  <testcase name="add" time="0.005" classname="framework.math.QuaternionTest"/>
  <testcase name="constructors" time="0.001" classname="framework.math.QuaternionTest"/>
  <testcase name="conjugate" time="0.000" classname="framework.math.QuaternionTest"/>
  <testcase name="properties" time="0.001" classname="framework.math.QuaternionTest"/>
  <testcase name="divide" time="0.001" classname="framework.math.QuaternionTest"/>
</testsuite> <!-- framework.math.QuaternionTest -->
