<?xml version="1.0" encoding="UTF-8"?>
<!-- Generated by org.testng.reporters.JUnitReportReporter -->
<testsuite skipped="0" hostname="laptop-eric" name="framework.BoundingFrustumTest" tests="2" failures="0" timestamp="30 juin 2017 03:03:36 GMT" time="0.142" errors="0">
  <testcase name="BoundingFrustumToBoundingBoxTests" time="0.078" classname="framework.BoundingFrustumTest"/>
  <testcase name="BoundingFrustumToBoundingFrustumTests" time="0.064" classname="framework.BoundingFrustumTest"/>
</testsuite> <!-- framework.BoundingFrustumTest -->
