<?xml version="1.0" encoding="UTF-8"?>
<!-- Generated by org.testng.reporters.JUnitReportReporter -->
<testsuite skipped="0" hostname="laptop-eric" name="framework.BoundingBoxTest" tests="3" failures="0" timestamp="30 juin 2017 03:03:36 GMT" time="0.098" errors="0">
  <testcase name="boxContainsVector3Test" time="0.001" classname="framework.BoundingBoxTest"/>
  <testcase name="BoundingBoxContainsBoundingSphere" time="0.096" classname="framework.BoundingBoxTest"/>
  <testcase name="BoxContainsIdenticalBox" time="0.001" classname="framework.BoundingBoxTest"/>
</testsuite> <!-- framework.BoundingBoxTest -->
