<?xml version="1.0" encoding="UTF-8"?>
<!-- Generated by org.testng.reporters.JUnitReportReporter -->
<testsuite skipped="1" hostname="laptop-eric" name="framework.Vector2Test" tests="11" failures="0" timestamp="28 mai 2017 16:17:34 GMT" time="0.038" errors="0">
  <testcase name="subtract" time="0.001" classname="framework.Vector2Test"/>
  <testcase name="transform" time="0.008" classname="framework.Vector2Test"/>
  <testcase name="add" time="0.013" classname="framework.Vector2Test"/>
  <testcase name="hermite" time="0.002" classname="framework.Vector2Test"/>
  <testcase name="transformNormal" time="0.001" classname="framework.Vector2Test"/>
  <testcase name="hashCodeTest" time="0.004" classname="framework.Vector2Test"/>
  <testcase name="toPoint" time="0.002" classname="framework.Vector2Test"/>
  <testcase name="multiply" time="0.001" classname="framework.Vector2Test"/>
  <testcase name="catmullRom" time="0.003" classname="framework.Vector2Test"/>
  <testcase name="divide" time="0.003" classname="framework.Vector2Test"/>
  <testcase name="typeConverter" classname="framework.Vector2Test">
    <skipped/>
  </testcase> <!-- typeConverter -->
</testsuite> <!-- framework.Vector2Test -->
