<?xml version="1.0" encoding="UTF-8"?>
<!-- Generated by org.testng.reporters.JUnitReportReporter -->
<testsuite skipped="0" hostname="laptop-eric" name="framework.math.MathHelperTest" tests="58" failures="0" timestamp="30 juin 2017 03:03:36 GMT" time="0.120" errors="0">
  <testcase name="wrapAngleReturnsExpectedValues" time="0.003" classname="framework.math.MathHelperTest"/>
  <testcase name="wrapAngleReturnsExpectedValues" time="0.002" classname="framework.math.MathHelperTest"/>
  <testcase name="wrapAngleReturnsExpectedValues" time="0.002" classname="framework.math.MathHelperTest"/>
  <testcase name="wrapAngleReturnsExpectedValues" time="0.008" classname="framework.math.MathHelperTest"/>
  <testcase name="wrapAngleReturnsExpectedValues" time="0.001" classname="framework.math.MathHelperTest"/>
  <testcase name="wrapAngleReturnsExpectedValues" time="0.002" classname="framework.math.MathHelperTest"/>
  <testcase name="wrapAngleReturnsExpectedValues" time="0.001" classname="framework.math.MathHelperTest"/>
  <testcase name="wrapAngleReturnsExpectedValues" time="0.002" classname="framework.math.MathHelperTest"/>
  <testcase name="wrapAngleReturnsExpectedValues" time="0.002" classname="framework.math.MathHelperTest"/>
  <testcase name="wrapAngleReturnsExpectedValues" time="0.003" classname="framework.math.MathHelperTest"/>
  <testcase name="min" time="0.001" classname="framework.math.MathHelperTest"/>
  <testcase name="wrapAngleReturnsExpectedValues" time="0.002" classname="framework.math.MathHelperTest"/>
  <testcase name="wrapAngleReturnsExpectedValues" time="0.001" classname="framework.math.MathHelperTest"/>
  <testcase name="wrapAngleReturnsExpectedValues" time="0.009" classname="framework.math.MathHelperTest"/>
  <testcase name="wrapAngleReturnsExpectedValues" time="0.002" classname="framework.math.MathHelperTest"/>
  <testcase name="wrapAngleReturnsExpectedValues" time="0.001" classname="framework.math.MathHelperTest"/>
  <testcase name="wrapAngleReturnsExpectedValues" time="0.001" classname="framework.math.MathHelperTest"/>
  <testcase name="wrapAngleReturnsExpectedValues" time="0.001" classname="framework.math.MathHelperTest"/>
  <testcase name="wrapAngleReturnsExpectedValues" time="0.001" classname="framework.math.MathHelperTest"/>
  <testcase name="wrapAngleReturnsExpectedValues" time="0.001" classname="framework.math.MathHelperTest"/>
  <testcase name="PiConstantsAreExpectedValues" time="0.000" classname="framework.math.MathHelperTest"/>
  <testcase name="clampFloatTest" time="0.001" classname="framework.math.MathHelperTest"/>
  <testcase name="lerpPreciseTest" time="0.000" classname="framework.math.MathHelperTest"/>
  <testcase name="clampIntTest" time="0.000" classname="framework.math.MathHelperTest"/>
  <testcase name="wrapAngleReturnsExpectedValues" time="0.002" classname="framework.math.MathHelperTest"/>
  <testcase name="wrapAngleReturnsExpectedValues" time="0.001" classname="framework.math.MathHelperTest"/>
  <testcase name="wrapAngleReturnsExpectedValues" time="0.001" classname="framework.math.MathHelperTest"/>
  <testcase name="PiConstantsAreExpectedValues" time="0.000" classname="framework.math.MathHelperTest"/>
  <testcase name="wrapAngleReturnsExpectedValues" time="0.008" classname="framework.math.MathHelperTest"/>
  <testcase name="wrapAngleReturnsExpectedValues" time="0.002" classname="framework.math.MathHelperTest"/>
  <testcase name="wrapAngleReturnsExpectedValues" time="0.001" classname="framework.math.MathHelperTest"/>
  <testcase name="wrapAngleReturnsExpectedValues" time="0.001" classname="framework.math.MathHelperTest"/>
  <testcase name="PiConstantsAreExpectedValues" time="0.001" classname="framework.math.MathHelperTest"/>
  <testcase name="wrapAngleReturnsExpectedValues" time="0.001" classname="framework.math.MathHelperTest"/>
  <testcase name="wrapAngleReturnsExpectedValues" time="0.003" classname="framework.math.MathHelperTest"/>
  <testcase name="wrapAngleReturnsExpectedValues" time="0.001" classname="framework.math.MathHelperTest"/>
  <testcase name="wrapAngleReturnsExpectedValues" time="0.006" classname="framework.math.MathHelperTest"/>
  <testcase name="wrapAngleReturnsExpectedValues" time="0.004" classname="framework.math.MathHelperTest"/>
  <testcase name="distanceTest" time="0.000" classname="framework.math.MathHelperTest"/>
  <testcase name="PiConstantsAreExpectedValues" time="0.001" classname="framework.math.MathHelperTest"/>
  <testcase name="wrapAngleReturnsExpectedValues" time="0.001" classname="framework.math.MathHelperTest"/>
  <testcase name="wrapAngleReturnsExpectedValues" time="0.001" classname="framework.math.MathHelperTest"/>
  <testcase name="wrapAngleReturnsExpectedValues" time="0.001" classname="framework.math.MathHelperTest"/>
  <testcase name="wrapAngleReturnsExpectedValues" time="0.019" classname="framework.math.MathHelperTest"/>
  <testcase name="lerpTest" time="0.001" classname="framework.math.MathHelperTest"/>
  <testcase name="wrapAngleReturnsExpectedValues" time="0.001" classname="framework.math.MathHelperTest"/>
  <testcase name="wrapAngleReturnsExpectedValues" time="0.002" classname="framework.math.MathHelperTest"/>
  <testcase name="wrapAngleReturnsExpectedValues" time="0.001" classname="framework.math.MathHelperTest"/>
  <testcase name="wrapAngleReturnsExpectedValues" time="0.003" classname="framework.math.MathHelperTest"/>
  <testcase name="wrapAngleReturnsExpectedValues" time="0.000" classname="framework.math.MathHelperTest"/>
  <testcase name="wrapAngleReturnsExpectedValues" time="0.000" classname="framework.math.MathHelperTest"/>
  <testcase name="wrapAngleReturnsExpectedValues" time="0.001" classname="framework.math.MathHelperTest"/>
  <testcase name="wrapAngleReturnsExpectedValues" time="0.002" classname="framework.math.MathHelperTest"/>
  <testcase name="wrapAngleReturnsExpectedValues" time="0.003" classname="framework.math.MathHelperTest"/>
  <testcase name="wrapAngleReturnsExpectedValues" time="0.001" classname="framework.math.MathHelperTest"/>
  <testcase name="max" time="0.000" classname="framework.math.MathHelperTest"/>
  <testcase name="wrapAngleReturnsExpectedValues" time="0.001" classname="framework.math.MathHelperTest"/>
  <testcase name="wrapAngleReturnsExpectedValues" time="0.002" classname="framework.math.MathHelperTest"/>
</testsuite> <!-- framework.math.MathHelperTest -->
