<?xml version="1.0" encoding="UTF-8"?>
<!-- Generated by org.testng.reporters.JUnitReportReporter -->
<testsuite skipped="0" hostname="laptop-eric" name="framework.ColorTest" tests="23" failures="0" timestamp="30 juin 2017 03:03:36 GMT" time="0.023" errors="0">
  <testcase name="ctor_Explicit" time="0.001" classname="framework.ColorTest"/>
  <testcase name="ctor_Explicit" time="0.001" classname="framework.ColorTest"/>
  <testcase name="ctor_Explicit" time="0.001" classname="framework.ColorTest"/>
  <testcase name="ctor_Explicit" time="0.000" classname="framework.ColorTest"/>
  <testcase name="multiply" time="0.002" classname="framework.ColorTest"/>
  <testcase name="ctor_Explicit" time="0.001" classname="framework.ColorTest"/>
  <testcase name="ctor_Explicit" time="0.002" classname="framework.ColorTest"/>
  <testcase name="ctor_Explicit" time="0.000" classname="framework.ColorTest"/>
  <testcase name="fromNonPremultiplied_Int" time="0.000" classname="framework.ColorTest"/>
  <testcase name="ctor_Explicit" time="0.000" classname="framework.ColorTest"/>
  <testcase name="ctor_Explicit" time="0.005" classname="framework.ColorTest"/>
  <testcase name="ctor_Explicit" time="0.001" classname="framework.ColorTest"/>
  <testcase name="ctor_Explicit" time="0.000" classname="framework.ColorTest"/>
  <testcase name="ctor_Explicit" time="0.000" classname="framework.ColorTest"/>
  <testcase name="ctor_Explicit" time="0.001" classname="framework.ColorTest"/>
  <testcase name="ctor_Packed" time="0.002" classname="framework.ColorTest"/>
  <testcase name="ctor_Explicit" time="0.001" classname="framework.ColorTest"/>
  <testcase name="ctor_Explicit" time="0.001" classname="framework.ColorTest"/>
  <testcase name="ctor_Explicit" time="0.002" classname="framework.ColorTest"/>
  <testcase name="ctor_Explicit" time="0.000" classname="framework.ColorTest"/>
  <testcase name="fromNonPremultiplied_Float" time="0.001" classname="framework.ColorTest"/>
  <testcase name="lerp" time="0.001" classname="framework.ColorTest"/>
  <testcase name="ctor_Explicit" time="0.000" classname="framework.ColorTest"/>
</testsuite> <!-- framework.ColorTest -->
