<?xml version="1.0" encoding="UTF-8"?>
<!-- Generated by org.testng.reporters.JUnitReportReporter -->
<testsuite skipped="4" hostname="laptop-eric" name="framework.math.Vector3Test" tests="18" failures="0" timestamp="30 juin 2017 03:03:36 GMT" time="0.082" errors="0">
  <testcase name="dotProduct" time="0.002" classname="framework.math.Vector3Test"/>
  <testcase name="subtract" time="0.002" classname="framework.math.Vector3Test"/>
  <testcase name="distanceSquared" time="0.002" classname="framework.math.Vector3Test"/>
  <testcase name="toStringTest" time="0.007" classname="framework.math.Vector3Test"/>
  <testcase name="normalize" time="0.003" classname="framework.math.Vector3Test"/>
  <testcase name="multiply" time="0.000" classname="framework.math.Vector3Test"/>
  <testcase name="properties" time="0.005" classname="framework.math.Vector3Test"/>
  <testcase name="transform" time="0.006" classname="framework.math.Vector3Test"/>
  <testcase name="length" time="0.002" classname="framework.math.Vector3Test"/>
  <testcase name="add" time="0.001" classname="framework.math.Vector3Test"/>
  <testcase name="constructors" time="0.040" classname="framework.math.Vector3Test"/>
  <testcase name="lengthSquared" time="0.003" classname="framework.math.Vector3Test"/>
  <testcase name="hashCodeTest" time="0.001" classname="framework.math.Vector3Test"/>
  <testcase name="divide" time="0.008" classname="framework.math.Vector3Test"/>
  <testcase name="transformNormal" classname="framework.math.Vector3Test">
    <skipped/>
  </testcase> <!-- transformNormal -->
  <testcase name="typeConverter" classname="framework.math.Vector3Test">
    <skipped/>
  </testcase> <!-- typeConverter -->
  <testcase name="catmullRom" classname="framework.math.Vector3Test">
    <skipped/>
  </testcase> <!-- catmullRom -->
  <testcase name="hermite" classname="framework.math.Vector3Test">
    <skipped/>
  </testcase> <!-- hermite -->
</testsuite> <!-- framework.math.Vector3Test -->
