<?xml version="1.0" encoding="UTF-8"?>
<!-- Generated by org.testng.reporters.JUnitReportReporter -->
<testsuite skipped="0" hostname="laptop-eric" name="framework.math.RayTest" tests="1" failures="0" timestamp="20 juin 2017 00:47:41 GMT" time="0.017" errors="0">
  <testcase name="boundingBoxIntersects" time="0.017" classname="framework.math.RayTest"/>
</testsuite> <!-- framework.math.RayTest -->
