<?xml version="1.0" encoding="UTF-8"?>
<!-- Generated by org.testng.reporters.JUnitReportReporter -->
<testsuite skipped="0" hostname="laptop-eric" name="framework.RayTest" tests="1" failures="0" timestamp="30 juin 2017 03:03:36 GMT" time="0.001" errors="0">
  <testcase name="boundingBoxIntersects" time="0.001" classname="framework.RayTest"/>
</testsuite> <!-- framework.RayTest -->
